<?xml version="1.0" encoding="UTF-8"?>
<testng-results ignored="0" total="1" passed="1" failed="0" skipped="0">
  <reporter-output>
  </reporter-output>
  <suite started-at="2024-04-02T12:38:17 IST" name="Default suite" finished-at="2024-04-02T12:38:22 IST" duration-ms="5426">
    <groups>
    </groups>
    <test started-at="2024-04-02T12:38:17 IST" name="Default test" finished-at="2024-04-02T12:38:22 IST" duration-ms="5426">
      <class name="com.CJC.JpetDemo.Test.LoginTest">
        <test-method is-config="true" signature="setUp()[pri:0, instance:com.CJC.JpetDemo.Test.LoginTest@4a7f959b]" started-at="2024-04-02T12:38:11 IST" name="setUp" finished-at="2024-04-02T12:38:17 IST" duration-ms="5506" status="PASS">
          <reporter-output>
          </reporter-output>
        </test-method> <!-- setUp -->
        <test-method is-config="true" signature="launchURL()[pri:0, instance:com.CJC.JpetDemo.Test.LoginTest@4a7f959b]" started-at="2024-04-02T12:38:17 IST" name="launchURL" finished-at="2024-04-02T12:38:20 IST" duration-ms="3883" status="PASS">
          <reporter-output>
          </reporter-output>
        </test-method> <!-- launchURL -->
        <test-method is-config="true" signature="Cookies()[pri:0, instance:com.CJC.JpetDemo.Test.LoginTest@4a7f959b]" started-at="2024-04-02T12:38:20 IST" name="Cookies" finished-at="2024-04-02T12:38:20 IST" duration-ms="51" status="PASS">
          <reporter-output>
          </reporter-output>
        </test-method> <!-- Cookies -->
        <test-method is-config="true" signature="maximize()[pri:0, instance:com.CJC.JpetDemo.Test.LoginTest@4a7f959b]" started-at="2024-04-02T12:38:21 IST" name="maximize" finished-at="2024-04-02T12:38:21 IST" duration-ms="137" status="PASS">
          <reporter-output>
          </reporter-output>
        </test-method> <!-- maximize -->
        <test-method signature="LoginTest()[pri:0, instance:com.CJC.JpetDemo.Test.LoginTest@4a7f959b]" started-at="2024-04-02T12:38:21 IST" name="LoginTest" finished-at="2024-04-02T12:38:21 IST" duration-ms="789" status="PASS">
          <reporter-output>
          </reporter-output>
        </test-method> <!-- LoginTest -->
        <test-method is-config="true" signature="screenShot()[pri:0, instance:com.CJC.JpetDemo.Test.LoginTest@4a7f959b]" started-at="2024-04-02T12:38:21 IST" name="screenShot" finished-at="2024-04-02T12:38:22 IST" duration-ms="448" status="PASS">
          <reporter-output>
          </reporter-output>
        </test-method> <!-- screenShot -->
        <test-method is-config="true" signature="deleteCokies()[pri:0, instance:com.CJC.JpetDemo.Test.LoginTest@4a7f959b]" started-at="2024-04-02T12:38:22 IST" name="deleteCokies" finished-at="2024-04-02T12:38:22 IST" duration-ms="30" status="PASS">
          <reporter-output>
          </reporter-output>
        </test-method> <!-- deleteCokies -->
        <test-method is-config="true" signature="closedb()[pri:0, instance:com.CJC.JpetDemo.Test.LoginTest@4a7f959b]" started-at="2024-04-02T12:38:22 IST" name="closedb" finished-at="2024-04-02T12:38:22 IST" duration-ms="1" status="PASS">
          <reporter-output>
          </reporter-output>
        </test-method> <!-- closedb -->
        <test-method is-config="true" signature="afterSuite()[pri:0, instance:com.CJC.JpetDemo.Test.LoginTest@4a7f959b]" started-at="2024-04-02T12:38:22 IST" name="afterSuite" finished-at="2024-04-02T12:38:23 IST" duration-ms="409" status="PASS">
          <reporter-output>
          </reporter-output>
        </test-method> <!-- afterSuite -->
      </class> <!-- com.CJC.JpetDemo.Test.LoginTest -->
    </test> <!-- Default test -->
  </suite> <!-- Default suite -->
</testng-results>
