<?xml version="1.0" encoding="UTF-8"?>
<testng-results ignored="1" total="3" passed="2" failed="0" skipped="0">
  <reporter-output>
  </reporter-output>
  <suite started-at="2024-03-31T19:15:42 IST" name="Suite" finished-at="2024-03-31T19:16:12 IST" duration-ms="30080">
    <groups>
    </groups>
    <test started-at="2024-03-31T19:15:42 IST" name="Test" finished-at="2024-03-31T19:16:12 IST" duration-ms="30080">
      <class name="com.Testing.Magneto.Test.MagnetoLoginTest">
        <test-method is-config="true" signature="setUp()[pri:0, instance:com.Testing.Magneto.Test.MagnetoLoginTest@d737b89]" started-at="2024-03-31T19:15:35 IST" name="setUp" finished-at="2024-03-31T19:15:42 IST" duration-ms="6631" status="PASS">
          <reporter-output>
          </reporter-output>
        </test-method> <!-- setUp -->
        <test-method is-config="true" signature="launchURL(java.lang.String)[pri:0, instance:com.Testing.Magneto.Test.MagnetoLoginTest@d737b89]" started-at="2024-03-31T19:15:42 IST" name="launchURL" finished-at="2024-03-31T19:15:47 IST" duration-ms="5200" status="PASS">
          <params>
            <param index="0">
              <value>
                <![CDATA[https://magento.softwaretestingboard.com/customer/account/create/]]>
              </value>
            </param>
          </params>
          <reporter-output>
          </reporter-output>
        </test-method> <!-- launchURL -->
        <test-method is-config="true" signature="Cookies()[pri:0, instance:com.Testing.Magneto.Test.MagnetoLoginTest@d737b89]" started-at="2024-03-31T19:15:47 IST" name="Cookies" finished-at="2024-03-31T19:15:47 IST" duration-ms="100" status="PASS">
          <reporter-output>
          </reporter-output>
        </test-method> <!-- Cookies -->
        <test-method is-config="true" signature="maximize()[pri:0, instance:com.Testing.Magneto.Test.MagnetoLoginTest@d737b89]" started-at="2024-03-31T19:15:47 IST" name="maximize" finished-at="2024-03-31T19:15:48 IST" duration-ms="716" status="PASS">
          <reporter-output>
          </reporter-output>
        </test-method> <!-- maximize -->
        <test-method signature="User_Info_form()[pri:1, instance:com.Testing.Magneto.Test.MagnetoLoginTest@d737b89]" started-at="2024-03-31T19:15:48 IST" name="User_Info_form" finished-at="2024-03-31T19:15:57 IST" duration-ms="8365" status="PASS">
          <reporter-output>
          </reporter-output>
        </test-method> <!-- User_Info_form -->
        <test-method is-config="true" signature="screenShot()[pri:0, instance:com.Testing.Magneto.Test.MagnetoLoginTest@d737b89]" started-at="2024-03-31T19:15:57 IST" name="screenShot" finished-at="2024-03-31T19:15:58 IST" duration-ms="970" status="PASS">
          <reporter-output>
          </reporter-output>
        </test-method> <!-- screenShot -->
        <test-method is-config="true" signature="maximize()[pri:0, instance:com.Testing.Magneto.Test.MagnetoLoginTest@d737b89]" started-at="2024-03-31T19:15:58 IST" name="maximize" finished-at="2024-03-31T19:15:58 IST" duration-ms="242" status="PASS">
          <reporter-output>
          </reporter-output>
        </test-method> <!-- maximize -->
        <test-method signature="SignIn(java.lang.String,java.lang.String)[pri:2, instance:com.Testing.Magneto.Test.MagnetoLoginTest@d737b89]" started-at="2024-03-31T19:15:58 IST" name="SignIn" finished-at="2024-03-31T19:16:09 IST" duration-ms="11183" status="PASS">
          <params>
            <param index="0">
              <value>
                <![CDATA[VK100@gmail.com]]>
              </value>
            </param>
            <param index="1">
              <value>
                <![CDATA[VK123@123]]>
              </value>
            </param>
          </params>
          <reporter-output>
          </reporter-output>
        </test-method> <!-- SignIn -->
        <test-method is-config="true" signature="screenShot()[pri:0, instance:com.Testing.Magneto.Test.MagnetoLoginTest@d737b89]" started-at="2024-03-31T19:16:09 IST" name="screenShot" finished-at="2024-03-31T19:16:10 IST" duration-ms="562" status="PASS">
          <reporter-output>
          </reporter-output>
        </test-method> <!-- screenShot -->
        <test-method is-config="true" signature="deleteCokies()[pri:0, instance:com.Testing.Magneto.Test.MagnetoLoginTest@d737b89]" started-at="2024-03-31T19:16:10 IST" name="deleteCokies" finished-at="2024-03-31T19:16:12 IST" duration-ms="2553" status="PASS">
          <reporter-output>
          </reporter-output>
        </test-method> <!-- deleteCokies -->
        <test-method is-config="true" signature="closedb()[pri:0, instance:com.Testing.Magneto.Test.MagnetoLoginTest@d737b89]" started-at="2024-03-31T19:16:12 IST" name="closedb" finished-at="2024-03-31T19:16:12 IST" duration-ms="3" status="PASS">
          <reporter-output>
          </reporter-output>
        </test-method> <!-- closedb -->
        <test-method is-config="true" signature="afterSuite()[pri:0, instance:com.Testing.Magneto.Test.MagnetoLoginTest@d737b89]" started-at="2024-03-31T19:16:12 IST" name="afterSuite" finished-at="2024-03-31T19:16:12 IST" duration-ms="0" status="PASS">
          <reporter-output>
          </reporter-output>
        </test-method> <!-- afterSuite -->
      </class> <!-- com.Testing.Magneto.Test.MagnetoLoginTest -->
    </test> <!-- Test -->
  </suite> <!-- Suite -->
</testng-results>
