<?xml version="1.0" encoding="UTF-8"?>
<!-- Generated by org.testng.reporters.JUnitXMLReporter -->
<testsuite ignored="1" hostname="DESKTOP-7STGH0Q" failures="0" tests="2" name="Test" time="30.08" errors="0" timestamp="2024-03-31T19:16:12 IST">
  <testcase classname="com.Testing.Magneto.Test.MagnetoLoginTest" name="User_Info_form" time="8.365"/>
  <testcase classname="com.Testing.Magneto.Test.MagnetoLoginTest" name="SignIn" time="11.183"/>
  <testcase classname="com.Testing.Magneto.Test.MagnetoLoginTest" name="user_info_with_MultipleExcelData" time="0.0">
    <ignored/>
  </testcase> <!-- user_info_with_MultipleExcelData -->
</testsuite> <!-- Test -->
